<?xml version="1.0" encoding="UTF-8" ?>
<testsuite errors="0" failures="1" hostname="dd1105212926" name="NGSPipeline_TableFixture" skipped="0" tests="1" time="1521.51" timestamp="2017-03-13T18:12:25">
  <properties>
[...]
</properties>
  <testcase classname="NGSPipeline_TableFixture" name="WholeSystemValidation" time="1520.945">
    <failure message="Specification has failure(s). See output HTML for details." type="junit.framework.AssertionFailedError">junit.framework.AssertionFailedError: Specification has failure(s). See output HTML for details.
	at org.concordion.internal.ImplementationStatusChecker$3.assertIsSatisfied(ImplementationStatusChecker.java:101)
	at org.concordion.internal.SummarizingResultRecorder.assertIsSatisfied(SummarizingResultRecorder.java:45)
	at org.concordion.internal.FixtureRunner.printResultSummary(FixtureRunner.java:79)
	at org.concordion.internal.FixtureRunner.run(FixtureRunner.java:67)
	at org.concordion.integration.junit4.ConcordionRunner.invoke(ConcordionRunner.java:203)
	at org.concordion.integration.junit4.ConcordionRunner$1.invoke(ConcordionRunner.java:31)
	at org.concordion.integration.junit4.ConcordionFrameworkMethod.invokeExplosively(ConcordionFrameworkMethod.java:58)
	at org.concordion.integration.junit4.ConcordionRunner.runChild(ConcordionRunner.java:187)
	at org.concordion.integration.junit4.ConcordionRunner.runChild(ConcordionRunner.java:23)
	at org.concordion.integration.junit4.ConcordionRunner.run(ConcordionRunner.java:146)
</failure>
  </testcase>
  <system-out><![CDATA[[JUnit version 4.11, ., Time: 0.2, , OK (1 test), ]
[JUnit version 4.11, .., Time: 0.158, , OK (2 tests), ]
[JUnit version 4.11, ., Time: 0.572, , OK (1 test), ]
[JUnit version 4.11, ..E.E., Time: 4.097, There were 2 failures:, 1) SNPEffv3_3Annotation(testSNPEff), java.lang.AssertionError: Diff is not blank expected:<true> but was:<false>, 	at org.junit.Assert.fail(Assert.java:88), 	at org.junit.Assert.failNotEquals(Assert.java:743), 	at org.junit.Assert.assertEquals(Assert.java:118), 	at testSNPEff.SNPEffv3_3Annotation(Unknown Source), 	at sun.reflect.NativeMethodAccessorImpl.invoke0(Native Method), 	at sun.reflect.NativeMethodAccessorImpl.invoke(NativeMethodAccessorImpl.java:57), 	at sun.reflect.DelegatingMethodAccessorImpl.invoke(DelegatingMethodAccessorImpl.java:43), 	at java.lang.reflect.Method.invoke(Method.java:606), 	at org.junit.runners.model.FrameworkMethod$1.runReflectiveCall(FrameworkMethod.java:47), 	at org.junit.internal.runners.model.ReflectiveCallable.run(ReflectiveCallable.java:12), 	at org.junit.runners.model.FrameworkMethod.invokeExplosively(FrameworkMethod.java:44), 	at org.junit.internal.runners.statements.InvokeMethod.evaluate(InvokeMethod.java:17), 	at org.junit.runners.ParentRunner.runLeaf(ParentRunner.java:271), 	at org.junit.runners.BlockJUnit4ClassRunner.runChild(BlockJUnit4ClassRunner.java:70), 	at org.junit.runners.BlockJUnit4ClassRunner.runChild(BlockJUnit4ClassRunner.java:50), 	at org.junit.runners.ParentRunner$3.run(ParentRunner.java:238), 	at org.junit.runners.ParentRunner$1.schedule(ParentRunner.java:63), 	at org.junit.runners.ParentRunner.runChildren(ParentRunner.java:236), 	at org.junit.runners.ParentRunner.access$000(ParentRunner.java:53), 	at org.junit.runners.ParentRunner$2.evaluate(ParentRunner.java:229), 	at org.junit.runners.ParentRunner.run(ParentRunner.java:309), 	at org.junit.runners.Suite.runChild(Suite.java:127), 	at org.junit.runners.Suite.runChild(Suite.java:26), 	at org.junit.runners.ParentRunner$3.run(ParentRunner.java:238), 	at org.junit.runners.ParentRunner$1.schedule(ParentRunner.java:63), 	at org.junit.runners.ParentRunner.runChildren(ParentRunner.java:236), 	at org.junit.runners.ParentRunner.access$000(ParentRunner.java:53), 	at org.junit.runners.ParentRunner$2.evaluate(ParentRunner.java:229), 	at org.junit.runners.ParentRunner.run(ParentRunner.java:309), 	at org.junit.runner.JUnitCore.run(JUnitCore.java:160), 	at org.junit.runner.JUnitCore.run(JUnitCore.java:138), 	at org.junit.runner.JUnitCore.run(JUnitCore.java:117), 	at org.junit.runner.JUnitCore.runMain(JUnitCore.java:96), 	at org.junit.runner.JUnitCore.runMainAndExit(JUnitCore.java:47), 	at org.junit.runner.JUnitCore.main(JUnitCore.java:40), 2) SNPEffAnnotation(testSNPEff), java.lang.AssertionError: Output from 'VCFContentsComparator.py' is not blank expected:<true> but was:<false>, 	at org.junit.Assert.fail(Assert.java:88), 	at org.junit.Assert.failNotEquals(Assert.java:743), 	at org.junit.Assert.assertEquals(Assert.java:118), 	at testSNPEff.SNPEffAnnotation(Unknown Source), 	at sun.reflect.NativeMethodAccessorImpl.invoke0(Native Method), 	at sun.reflect.NativeMethodAccessorImpl.invoke(NativeMethodAccessorImpl.java:57), 	at sun.reflect.DelegatingMethodAccessorImpl.invoke(DelegatingMethodAccessorImpl.java:43), 	at java.lang.reflect.Method.invoke(Method.java:606), 	at org.junit.runners.model.FrameworkMethod$1.runReflectiveCall(FrameworkMethod.java:47), 	at org.junit.internal.runners.model.ReflectiveCallable.run(ReflectiveCallable.java:12), 	at org.junit.runners.model.FrameworkMethod.invokeExplosively(FrameworkMethod.java:44), 	at org.junit.internal.runners.statements.InvokeMethod.evaluate(InvokeMethod.java:17), 	at org.junit.runners.ParentRunner.runLeaf(ParentRunner.java:271), 	at org.junit.runners.BlockJUnit4ClassRunner.runChild(BlockJUnit4ClassRunner.java:70), 	at org.junit.runners.BlockJUnit4ClassRunner.runChild(BlockJUnit4ClassRunner.java:50), 	at org.junit.runners.ParentRunner$3.run(ParentRunner.java:238), 	at org.junit.runners.ParentRunner$1.schedule(ParentRunner.java:63), 	at org.junit.runners.ParentRunner.runChildren(ParentRunner.java:236), 	at org.junit.runners.ParentRunner.access$000(ParentRunner.java:53), 	at org.junit.runners.ParentRunner$2.evaluate(ParentRunner.java:229), 	at org.junit.runners.ParentRunner.run(ParentRunner.java:309), 	at org.junit.runners.Suite.runChild(Suite.java:127), 	at org.junit.runners.Suite.runChild(Suite.java:26), 	at org.junit.runners.ParentRunner$3.run(ParentRunner.java:238), 	at org.junit.runners.ParentRunner$1.schedule(ParentRunner.java:63), 	at org.junit.runners.ParentRunner.runChildren(ParentRunner.java:236), 	at org.junit.runners.ParentRunner.access$000(ParentRunner.java:53), 	at org.junit.runners.ParentRunner$2.evaluate(ParentRunner.java:229), 	at org.junit.runners.ParentRunner.run(ParentRunner.java:309), 	at org.junit.runner.JUnitCore.run(JUnitCore.java:160), 	at org.junit.runner.JUnitCore.run(JUnitCore.java:138), 	at org.junit.runner.JUnitCore.run(JUnitCore.java:117), 	at org.junit.runner.JUnitCore.runMain(JUnitCore.java:96), 	at org.junit.runner.JUnitCore.runMainAndExit(JUnitCore.java:47), 	at org.junit.runner.JUnitCore.main(JUnitCore.java:40), , FAILURES!!!, Tests run: 4,  Failures: 2, ]
[JUnit version 4.11, ..., Time: 108.448, , OK (3 tests), ]
[JUnit version 4.11, ....., Time: 148.329, , OK (5 tests), ]
[JUnit version 4.11, ..., Time: 86.368, , OK (3 tests), ]
[JUnit version 4.11, .., Time: 9.692, , OK (2 tests), ]
[JUnit version 4.11, ......., Time: 41.462, , OK (7 tests), ]
[JUnit version 4.11, ..., Time: 27.132, , OK (3 tests), ]
[JUnit version 4.11, ..., Time: 44.832, , OK (3 tests), ]
[JUnit version 4.11, ...., Time: 145.05, , OK (4 tests), ]
[JUnit version 4.11, ., Time: 30.685, , OK (1 test), ]
[JUnit version 4.11, ., Time: 7.018, , OK (1 test), ]
[JUnit version 4.11, ...., Time: 6.727, , OK (4 tests), ]
[JUnit version 4.11, .., Time: 6.182, , OK (2 tests), ]
[JUnit version 4.11, ...., Time: 31.066, , OK (4 tests), ]
[JUnit version 4.11, ., Time: 5.346, , OK (1 test), ]
[JUnit version 4.11, ., Time: 22.175, , OK (1 test), ]
[JUnit version 4.11, ., Time: 1.017, , OK (1 test), ]
[JUnit version 4.11, ....., Time: 9.896, , OK (5 tests), ]
[JUnit version 4.11, ...., Time: 103.159, , OK (4 tests), ]
[JUnit version 4.11, .........., Time: 130.545, , OK (10 tests), ]
[JUnit version 4.11, ..., Time: 6.289, , OK (3 tests), ]
[JUnit version 4.11, ............, Time: 167.967, , OK (12 tests), ]
[JUnit version 4.11, ............, Time: 50.092, , OK (12 tests), ]
[JUnit version 4.11, .., Time: 58.502, , OK (2 tests), ]
[JUnit version 4.11, ........, Time: 53.696, , OK (8 tests), ]
[JUnit version 4.11, ...., Time: 44.158, , OK (4 tests), ]
[JUnit version 4.11, ., Time: 1.848, , OK (1 test), ]
[JUnit version 4.11, ., Time: 1.775, , OK (1 test), ]
[JUnit version 4.11, ., Time: 5.072, , OK (1 test), ]
[JUnit version 4.11, ., Time: 1.956, , OK (1 test), ]
[JUnit version 4.11, .., Time: 4.779, , OK (2 tests), ]
[JUnit version 4.11, .., Time: 1.82, , OK (2 tests), ]
[JUnit version 4.11, ., Time: 2.25, , OK (1 test), ]
[JUnit version 4.11, .., Time: 9.063, , OK (2 tests), ]
[JUnit version 4.11, ......, Time: 1.361, , OK (6 tests), ]
[JUnit version 4.11, ...., Time: 43.661, , OK (4 tests), ]
[JUnit version 4.11, ., Time: 84.58, , OK (1 test), ]

file:///tmp/concordion/NGSPipeline_Table.html#WholeSystemValidation
Successes: 39, Failures: 1

file:///tmp/concordion/NGSPipeline_Table.html
Successes: 39, Failures: 1
]]></system-out>
  <system-err><![CDATA[]]></system-err>
</testsuite>
