<?xml version="1.0" encoding="UTF-8" ?>
<testsuite errors="0" failures="1" hostname="7124c5167c84" name="NGSPipeline_TableFixture" skipped="0" tests="1" time="1433.675" timestamp="2017-03-18T10:12:33">
  <properties>
[...]
</properties>
  <testcase classname="NGSPipeline_TableFixture" name="WholeSystemValidation" time="1433.438">
    <failure message="Specification has failure(s). See output HTML for details." type="junit.framework.AssertionFailedError">junit.framework.AssertionFailedError: Specification has failure(s). See output HTML for details.
	at org.concordion.internal.ImplementationStatusChecker$3.assertIsSatisfied(ImplementationStatusChecker.java:101)
	at org.concordion.internal.SummarizingResultRecorder.assertIsSatisfied(SummarizingResultRecorder.java:45)
	at org.concordion.internal.FixtureRunner.printResultSummary(FixtureRunner.java:79)
	at org.concordion.internal.FixtureRunner.run(FixtureRunner.java:67)
	at org.concordion.integration.junit4.ConcordionRunner.invoke(ConcordionRunner.java:203)
	at org.concordion.integration.junit4.ConcordionRunner$1.invoke(ConcordionRunner.java:31)
	at org.concordion.integration.junit4.ConcordionFrameworkMethod.invokeExplosively(ConcordionFrameworkMethod.java:58)
	at org.concordion.integration.junit4.ConcordionRunner.runChild(ConcordionRunner.java:187)
	at org.concordion.integration.junit4.ConcordionRunner.runChild(ConcordionRunner.java:23)
	at org.concordion.integration.junit4.ConcordionRunner.run(ConcordionRunner.java:146)
</failure>
  </testcase>
  <system-out><![CDATA[[JUnit version 4.11, ., Time: 0.203, , OK (1 test), ]
[JUnit version 4.11, .., Time: 0.63, , OK (2 tests), ]
[JUnit version 4.11, ., Time: 0.876, , OK (1 test), ]
[JUnit version 4.11, ..E.E., Time: 4.841, There were 2 failures:, 1) SNPEffv3_3Annotation(testSNPEff), java.lang.AssertionError: Diff is not blank expected:<true> but was:<false>, 	at org.junit.Assert.fail(Assert.java:88), 	at org.junit.Assert.failNotEquals(Assert.java:743), 	at org.junit.Assert.assertEquals(Assert.java:118), 	at testSNPEff.SNPEffv3_3Annotation(Unknown Source), 	at sun.reflect.NativeMethodAccessorImpl.invoke0(Native Method), 	at sun.reflect.NativeMethodAccessorImpl.invoke(NativeMethodAccessorImpl.java:57), 	at sun.reflect.DelegatingMethodAccessorImpl.invoke(DelegatingMethodAccessorImpl.java:43), 	at java.lang.reflect.Method.invoke(Method.java:606), 	at org.junit.runners.model.FrameworkMethod$1.runReflectiveCall(FrameworkMethod.java:47), 	at org.junit.internal.runners.model.ReflectiveCallable.run(ReflectiveCallable.java:12), 	at org.junit.runners.model.FrameworkMethod.invokeExplosively(FrameworkMethod.java:44), 	at org.junit.internal.runners.statements.InvokeMethod.evaluate(InvokeMethod.java:17), 	at org.junit.runners.ParentRunner.runLeaf(ParentRunner.java:271), 	at org.junit.runners.BlockJUnit4ClassRunner.runChild(BlockJUnit4ClassRunner.java:70), 	at org.junit.runners.BlockJUnit4ClassRunner.runChild(BlockJUnit4ClassRunner.java:50), 	at org.junit.runners.ParentRunner$3.run(ParentRunner.java:238), 	at org.junit.runners.ParentRunner$1.schedule(ParentRunner.java:63), 	at org.junit.runners.ParentRunner.runChildren(ParentRunner.java:236), 	at org.junit.runners.ParentRunner.access$000(ParentRunner.java:53), 	at org.junit.runners.ParentRunner$2.evaluate(ParentRunner.java:229), 	at org.junit.runners.ParentRunner.run(ParentRunner.java:309), 	at org.junit.runners.Suite.runChild(Suite.java:127), 	at org.junit.runners.Suite.runChild(Suite.java:26), 	at org.junit.runners.ParentRunner$3.run(ParentRunner.java:238), 	at org.junit.runners.ParentRunner$1.schedule(ParentRunner.java:63), 	at org.junit.runners.ParentRunner.runChildren(ParentRunner.java:236), 	at org.junit.runners.ParentRunner.access$000(ParentRunner.java:53), 	at org.junit.runners.ParentRunner$2.evaluate(ParentRunner.java:229), 	at org.junit.runners.ParentRunner.run(ParentRunner.java:309), 	at org.junit.runner.JUnitCore.run(JUnitCore.java:160), 	at org.junit.runner.JUnitCore.run(JUnitCore.java:138), 	at org.junit.runner.JUnitCore.run(JUnitCore.java:117), 	at org.junit.runner.JUnitCore.runMain(JUnitCore.java:96), 	at org.junit.runner.JUnitCore.runMainAndExit(JUnitCore.java:47), 	at org.junit.runner.JUnitCore.main(JUnitCore.java:40), 2) SNPEffAnnotation(testSNPEff), java.lang.AssertionError: Output from 'VCFContentsComparator.py' is not blank expected:<true> but was:<false>, 	at org.junit.Assert.fail(Assert.java:88), 	at org.junit.Assert.failNotEquals(Assert.java:743), 	at org.junit.Assert.assertEquals(Assert.java:118), 	at testSNPEff.SNPEffAnnotation(Unknown Source), 	at sun.reflect.NativeMethodAccessorImpl.invoke0(Native Method), 	at sun.reflect.NativeMethodAccessorImpl.invoke(NativeMethodAccessorImpl.java:57), 	at sun.reflect.DelegatingMethodAccessorImpl.invoke(DelegatingMethodAccessorImpl.java:43), 	at java.lang.reflect.Method.invoke(Method.java:606), 	at org.junit.runners.model.FrameworkMethod$1.runReflectiveCall(FrameworkMethod.java:47), 	at org.junit.internal.runners.model.ReflectiveCallable.run(ReflectiveCallable.java:12), 	at org.junit.runners.model.FrameworkMethod.invokeExplosively(FrameworkMethod.java:44), 	at org.junit.internal.runners.statements.InvokeMethod.evaluate(InvokeMethod.java:17), 	at org.junit.runners.ParentRunner.runLeaf(ParentRunner.java:271), 	at org.junit.runners.BlockJUnit4ClassRunner.runChild(BlockJUnit4ClassRunner.java:70), 	at org.junit.runners.BlockJUnit4ClassRunner.runChild(BlockJUnit4ClassRunner.java:50), 	at org.junit.runners.ParentRunner$3.run(ParentRunner.java:238), 	at org.junit.runners.ParentRunner$1.schedule(ParentRunner.java:63), 	at org.junit.runners.ParentRunner.runChildren(ParentRunner.java:236), 	at org.junit.runners.ParentRunner.access$000(ParentRunner.java:53), 	at org.junit.runners.ParentRunner$2.evaluate(ParentRunner.java:229), 	at org.junit.runners.ParentRunner.run(ParentRunner.java:309), 	at org.junit.runners.Suite.runChild(Suite.java:127), 	at org.junit.runners.Suite.runChild(Suite.java:26), 	at org.junit.runners.ParentRunner$3.run(ParentRunner.java:238), 	at org.junit.runners.ParentRunner$1.schedule(ParentRunner.java:63), 	at org.junit.runners.ParentRunner.runChildren(ParentRunner.java:236), 	at org.junit.runners.ParentRunner.access$000(ParentRunner.java:53), 	at org.junit.runners.ParentRunner$2.evaluate(ParentRunner.java:229), 	at org.junit.runners.ParentRunner.run(ParentRunner.java:309), 	at org.junit.runner.JUnitCore.run(JUnitCore.java:160), 	at org.junit.runner.JUnitCore.run(JUnitCore.java:138), 	at org.junit.runner.JUnitCore.run(JUnitCore.java:117), 	at org.junit.runner.JUnitCore.runMain(JUnitCore.java:96), 	at org.junit.runner.JUnitCore.runMainAndExit(JUnitCore.java:47), 	at org.junit.runner.JUnitCore.main(JUnitCore.java:40), , FAILURES!!!, Tests run: 4,  Failures: 2, ]
[JUnit version 4.11, ..., Time: 129.261, , OK (3 tests), ]
[JUnit version 4.11, ....., Time: 152.768, , OK (5 tests), ]
[JUnit version 4.11, ..., Time: 85.096, , OK (3 tests), ]
[JUnit version 4.11, .., Time: 9.421, , OK (2 tests), ]
[JUnit version 4.11, ......., Time: 40.601, , OK (7 tests), ]
[JUnit version 4.11, ..., Time: 24.069, , OK (3 tests), ]
[JUnit version 4.11, ..., Time: 24.094, , OK (3 tests), ]
[JUnit version 4.11, ...., Time: 137.105, , OK (4 tests), ]
[JUnit version 4.11, ., Time: 26.704, , OK (1 test), ]
[JUnit version 4.11, ., Time: 8.002, , OK (1 test), ]
[JUnit version 4.11, ...., Time: 7.125, , OK (4 tests), ]
[JUnit version 4.11, .., Time: 9.713, , OK (2 tests), ]
[JUnit version 4.11, ...., Time: 35.017, , OK (4 tests), ]
[JUnit version 4.11, ., Time: 8.713, , OK (1 test), ]
[JUnit version 4.11, ., Time: 24.948, , OK (1 test), ]
[JUnit version 4.11, ., Time: 1.262, , OK (1 test), ]
[JUnit version 4.11, ....., Time: 14.039, , OK (5 tests), ]
[JUnit version 4.11, ...., Time: 92.193, , OK (4 tests), ]
[JUnit version 4.11, .........., Time: 118.191, , OK (10 tests), ]
[JUnit version 4.11, ..., Time: 4.75, , OK (3 tests), ]
[JUnit version 4.11, ............, Time: 138.484, , OK (12 tests), ]
[JUnit version 4.11, ............, Time: 42.866, , OK (12 tests), ]
[JUnit version 4.11, .., Time: 42.064, , OK (2 tests), ]
[JUnit version 4.11, ........, Time: 45.795, , OK (8 tests), ]
[JUnit version 4.11, ...., Time: 35.881, , OK (4 tests), ]
[JUnit version 4.11, ., Time: 1.73, , OK (1 test), ]
[JUnit version 4.11, ., Time: 1.583, , OK (1 test), ]
[JUnit version 4.11, ., Time: 3.96, , OK (1 test), ]
[JUnit version 4.11, ., Time: 1.781, , OK (1 test), ]
[JUnit version 4.11, .., Time: 4.662, , OK (2 tests), ]
[JUnit version 4.11, .., Time: 2.4, , OK (2 tests), ]
[JUnit version 4.11, ., Time: 1.991, , OK (1 test), ]
[JUnit version 4.11, .., Time: 8.684, , OK (2 tests), ]
[JUnit version 4.11, ......, Time: 1.219, , OK (6 tests), ]
[JUnit version 4.11, ...., Time: 42.016, , OK (4 tests), ]
[JUnit version 4.11, ., Time: 84.874, , OK (1 test), ]

file:///tmp/concordion/NGSPipeline_Table.html#WholeSystemValidation
Successes: 39, Failures: 1

file:///tmp/concordion/NGSPipeline_Table.html
Successes: 39, Failures: 1
]]></system-out>
  <system-err><![CDATA[]]></system-err>
</testsuite>
