<?xml version="1.0" encoding="UTF-8" ?>
<testsuite errors="0" failures="0" hostname="8fa2c77d3b07" name="NGSPipeline_TableFixture" skipped="0" tests="1" time="1740.651" timestamp="2017-03-13T17:10:56">
  <properties>
[...]
</properties>
  <testcase classname="NGSPipeline_TableFixture" name="WholeSystemValidation" time="1740.032" />
  <system-out><![CDATA[[JUnit version 4.11, ., Time: 0.481, , OK (1 test), ]
[JUnit version 4.11, .., Time: 0.162, , OK (2 tests), ]
[JUnit version 4.11, ., Time: 2.184, , OK (1 test), ]
[JUnit version 4.11, ...., Time: 93.356, , OK (4 tests), ]
[JUnit version 4.11, ..., Time: 116.78, , OK (3 tests), ]
[JUnit version 4.11, ....., Time: 159.506, , OK (5 tests), ]
[JUnit version 4.11, ..., Time: 86.116, , OK (3 tests), ]
[JUnit version 4.11, .., Time: 9.006, , OK (2 tests), ]
[JUnit version 4.11, ......., Time: 57.923, , OK (7 tests), ]
[JUnit version 4.11, ..., Time: 28.758, , OK (3 tests), ]
[JUnit version 4.11, ..., Time: 25.271, , OK (3 tests), ]
[JUnit version 4.11, ...., Time: 171.128, , OK (4 tests), ]
[JUnit version 4.11, ., Time: 29.868, , OK (1 test), ]
[JUnit version 4.11, ., Time: 7.385, , OK (1 test), ]
[JUnit version 4.11, ...., Time: 6.632, , OK (4 tests), ]
[JUnit version 4.11, .., Time: 6.497, , OK (2 tests), ]
[JUnit version 4.11, ...., Time: 34.69, , OK (4 tests), ]
[JUnit version 4.11, ., Time: 4.578, , OK (1 test), ]
[JUnit version 4.11, ., Time: 18.255, , OK (1 test), ]
[JUnit version 4.11, ., Time: 0.878, , OK (1 test), ]
[JUnit version 4.11, ....., Time: 10.262, , OK (5 tests), ]
[JUnit version 4.11, ...., Time: 101.619, , OK (4 tests), ]
[JUnit version 4.11, .........., Time: 121.184, , OK (10 tests), ]
[JUnit version 4.11, ..., Time: 7.518, , OK (3 tests), ]
[JUnit version 4.11, ............, Time: 254.461, , OK (12 tests), ]
[JUnit version 4.11, ............, Time: 55.688, , OK (12 tests), ]
[JUnit version 4.11, .., Time: 57.994, , OK (2 tests), ]
[JUnit version 4.11, ........, Time: 50.902, , OK (8 tests), ]
[JUnit version 4.11, ...., Time: 36.304, , OK (4 tests), ]
[JUnit version 4.11, ., Time: 1.791, , OK (1 test), ]
[JUnit version 4.11, ., Time: 1.708, , OK (1 test), ]
[JUnit version 4.11, ., Time: 4.699, , OK (1 test), ]
[JUnit version 4.11, ., Time: 1.856, , OK (1 test), ]
[JUnit version 4.11, .., Time: 5.34, , OK (2 tests), ]
[JUnit version 4.11, .., Time: 1.885, , OK (2 tests), ]
[JUnit version 4.11, ., Time: 2.461, , OK (1 test), ]
[JUnit version 4.11, .., Time: 9.297, , OK (2 tests), ]
[JUnit version 4.11, ......, Time: 1.983, , OK (6 tests), ]
[JUnit version 4.11, ...., Time: 57.738, , OK (4 tests), ]
[JUnit version 4.11, ., Time: 82.971, , OK (1 test), ]

file:///tmp/concordion/NGSPipeline_Table.html#WholeSystemValidation
Successes: 40, Failures: 0

file:///tmp/concordion/NGSPipeline_Table.html
Successes: 40, Failures: 0
]]></system-out>
  <system-err><![CDATA[]]></system-err>
</testsuite>
