<?xml version="1.0" encoding="UTF-8" ?>
<testsuite errors="0" failures="0" hostname="d6887be067fd" name="NGSPipeline_TableFixture" skipped="0" tests="1" time="1539.451" timestamp="2018-02-23T11:02:01">
  <properties>
[...]
</properties>
  <testcase classname="NGSPipeline_TableFixture" name="WholeSystemValidation" time="1539.316" />
  <system-out><![CDATA[[JUnit version 4.11, ., Time: 0.023, , OK (1 test), ]
[JUnit version 4.11, .., Time: 0.16, , OK (2 tests), ]
[JUnit version 4.11, ., Time: 0.519, , OK (1 test), ]
[JUnit version 4.11, ...., Time: 65.531, , OK (4 tests), ]
[JUnit version 4.11, ..., Time: 86.594, , OK (3 tests), ]
[JUnit version 4.11, ....., Time: 459.397, , OK (5 tests), ]
[JUnit version 4.11, ..., Time: 36.71, , OK (3 tests), ]
[JUnit version 4.11, .., Time: 18.768, , OK (2 tests), ]
[JUnit version 4.11, ........., Time: 61.162, , OK (9 tests), ]
[JUnit version 4.11, ..., Time: 18.259, , OK (3 tests), ]
[JUnit version 4.11, ...., Time: 18.915, , OK (4 tests), ]
[JUnit version 4.11, ...., Time: 92.348, , OK (4 tests), ]
[JUnit version 4.11, ., Time: 18.924, , OK (1 test), ]
[JUnit version 4.11, ., Time: 5.305, , OK (1 test), ]
[JUnit version 4.11, ...., Time: 7.419, , OK (4 tests), ]
[JUnit version 4.11, .., Time: 6.824, , OK (2 tests), ]
[JUnit version 4.11, ...., Time: 24.504, , OK (4 tests), ]
[JUnit version 4.11, ., Time: 6.568, , OK (1 test), ]
[JUnit version 4.11, ., Time: 15.187, , OK (1 test), ]
[JUnit version 4.11, ., Time: 1.121, , OK (1 test), ]
[JUnit version 4.11, ....., Time: 15.649, , OK (5 tests), ]
[JUnit version 4.11, ...., Time: 70.44, , OK (4 tests), ]
[JUnit version 4.11, .........., Time: 100.698, , OK (10 tests), ]
[JUnit version 4.11, ..., Time: 7.474, , OK (3 tests), ]
[JUnit version 4.11, ............., Time: 108.6, , OK (13 tests), ]
[JUnit version 4.11, ..........., Time: 37.879, , OK (11 tests), ]
[JUnit version 4.11, .., Time: 35.282, , OK (2 tests), ]
[JUnit version 4.11, ........, Time: 34.116, , OK (8 tests), ]
[JUnit version 4.11, ...., Time: 36.781, , OK (4 tests), ]
[JUnit version 4.11, ., Time: 2.161, , OK (1 test), ]
[JUnit version 4.11, ., Time: 2.169, , OK (1 test), ]
[JUnit version 4.11, ., Time: 3.559, , OK (1 test), ]
[JUnit version 4.11, ., Time: 2.348, , OK (1 test), ]
[JUnit version 4.11, .., Time: 6.005, , OK (2 tests), ]
[JUnit version 4.11, .., Time: 2.498, , OK (2 tests), ]
[JUnit version 4.11, ., Time: 1.956, , OK (1 test), ]
[JUnit version 4.11, .., Time: 9.114, , OK (2 tests), ]
[JUnit version 4.11, ......, Time: 1.145, , OK (6 tests), ]
[JUnit version 4.11, ...., Time: 34.049, , OK (4 tests), ]
[JUnit version 4.11, ., Time: 72.446, , OK (1 test), ]

file:///tmp/concordion/NGSPipeline_Table.html#WholeSystemValidation
Successes: 40, Failures: 0

file:///tmp/concordion/NGSPipeline_Table.html
Successes: 40, Failures: 0
]]></system-out>
  <system-err><![CDATA[]]></system-err>
</testsuite>
