<?xml version="1.0" encoding="UTF-8" ?>
<testsuite errors="0" failures="0" hostname="c51088577841" name="NGSPipeline_TableFixture" skipped="0" tests="1" time="1569.31" timestamp="2017-03-13T16:34:49">
  <properties>
[...]
</properties>
  <testcase classname="NGSPipeline_TableFixture" name="WholeSystemValidation" time="1569.075" />
  <system-out><![CDATA[[JUnit version 4.11, ., Time: 0.389, , OK (1 test), ]
[JUnit version 4.11, .., Time: 0.378, , OK (2 tests), ]
[JUnit version 4.11, ., Time: 0.556, , OK (1 test), ]
[JUnit version 4.11, ...., Time: 74.208, , OK (4 tests), ]
[JUnit version 4.11, ..., Time: 108.406, , OK (3 tests), ]
[JUnit version 4.11, ....., Time: 152.875, , OK (5 tests), ]
[JUnit version 4.11, ..., Time: 86.716, , OK (3 tests), ]
[JUnit version 4.11, .., Time: 8.495, , OK (2 tests), ]
[JUnit version 4.11, ......., Time: 41.692, , OK (7 tests), ]
[JUnit version 4.11, ..., Time: 23.676, , OK (3 tests), ]
[JUnit version 4.11, ..., Time: 23.442, , OK (3 tests), ]
[JUnit version 4.11, ...., Time: 143.186, , OK (4 tests), ]
[JUnit version 4.11, ., Time: 25.936, , OK (1 test), ]
[JUnit version 4.11, ., Time: 7.175, , OK (1 test), ]
[JUnit version 4.11, ...., Time: 6.377, , OK (4 tests), ]
[JUnit version 4.11, .., Time: 6.269, , OK (2 tests), ]
[JUnit version 4.11, ...., Time: 34.039, , OK (4 tests), ]
[JUnit version 4.11, ., Time: 4.537, , OK (1 test), ]
[JUnit version 4.11, ., Time: 19.678, , OK (1 test), ]
[JUnit version 4.11, ., Time: 0.839, , OK (1 test), ]
[JUnit version 4.11, ....., Time: 9.335, , OK (5 tests), ]
[JUnit version 4.11, ...., Time: 97.332, , OK (4 tests), ]
[JUnit version 4.11, .........., Time: 114.045, , OK (10 tests), ]
[JUnit version 4.11, ..., Time: 4.888, , OK (3 tests), ]
[JUnit version 4.11, ............, Time: 196.446, , OK (12 tests), ]
[JUnit version 4.11, ............, Time: 48.122, , OK (12 tests), ]
[JUnit version 4.11, .., Time: 44.684, , OK (2 tests), ]
[JUnit version 4.11, ........, Time: 58.339, , OK (8 tests), ]
[JUnit version 4.11, ...., Time: 52.978, , OK (4 tests), ]
[JUnit version 4.11, ., Time: 1.792, , OK (1 test), ]
[JUnit version 4.11, ., Time: 1.682, , OK (1 test), ]
[JUnit version 4.11, ., Time: 4.398, , OK (1 test), ]
[JUnit version 4.11, ., Time: 1.87, , OK (1 test), ]
[JUnit version 4.11, .., Time: 4.801, , OK (2 tests), ]
[JUnit version 4.11, .., Time: 1.762, , OK (2 tests), ]
[JUnit version 4.11, ., Time: 2.15, , OK (1 test), ]
[JUnit version 4.11, .., Time: 9.496, , OK (2 tests), ]
[JUnit version 4.11, ......, Time: 2.704, , OK (6 tests), ]
[JUnit version 4.11, ...., Time: 47.611, , OK (4 tests), ]
[JUnit version 4.11, ., Time: 82.48, , OK (1 test), ]

file:///tmp/concordion/NGSPipeline_Table.html#WholeSystemValidation
Successes: 40, Failures: 0

file:///tmp/concordion/NGSPipeline_Table.html
Successes: 40, Failures: 0
]]></system-out>
  <system-err><![CDATA[]]></system-err>
</testsuite>
