<?xml version="1.0" encoding="UTF-8" ?>
<testsuite errors="0" failures="0" hostname="a493f14f8311" name="NGSPipeline_TableFixture" skipped="0" tests="1" time="1594.886" timestamp="2017-03-27T17:56:39">
  <properties>
[...]
</properties>
  <testcase classname="NGSPipeline_TableFixture" name="WholeSystemValidation" time="1594.635" />
  <system-out><![CDATA[[JUnit version 4.11, ., Time: 0.032, , OK (1 test), ]
[JUnit version 4.11, .., Time: 0.179, , OK (2 tests), ]
[JUnit version 4.11, ., Time: 0.59, , OK (1 test), ]
[JUnit version 4.11, ...., Time: 82.62, , OK (4 tests), ]
[JUnit version 4.11, ..., Time: 116.268, , OK (3 tests), ]
[JUnit version 4.11, ....., Time: 159.957, , OK (5 tests), ]
[JUnit version 4.11, ..., Time: 90.502, , OK (3 tests), ]
[JUnit version 4.11, .., Time: 11.479, , OK (2 tests), ]
[JUnit version 4.11, ......., Time: 42.228, , OK (7 tests), ]
[JUnit version 4.11, ..., Time: 26.808, , OK (3 tests), ]
[JUnit version 4.11, ..., Time: 25.353, , OK (3 tests), ]
[JUnit version 4.11, ...., Time: 148.651, , OK (4 tests), ]
[JUnit version 4.11, ., Time: 31.173, , OK (1 test), ]
[JUnit version 4.11, ., Time: 7.581, , OK (1 test), ]
[JUnit version 4.11, ...., Time: 6.527, , OK (4 tests), ]
[JUnit version 4.11, .., Time: 6.756, , OK (2 tests), ]
[JUnit version 4.11, ...., Time: 34.91, , OK (4 tests), ]
[JUnit version 4.11, ., Time: 4.54, , OK (1 test), ]
[JUnit version 4.11, ., Time: 20.134, , OK (1 test), ]
[JUnit version 4.11, ., Time: 0.846, , OK (1 test), ]
[JUnit version 4.11, ....., Time: 9.777, , OK (5 tests), ]
[JUnit version 4.11, ...., Time: 94.993, , OK (4 tests), ]
[JUnit version 4.11, .........., Time: 121.15, , OK (10 tests), ]
[JUnit version 4.11, ..., Time: 5.324, , OK (3 tests), ]
[JUnit version 4.11, ............, Time: 163.854, , OK (12 tests), ]
[JUnit version 4.11, ............, Time: 50.515, , OK (12 tests), ]
[JUnit version 4.11, .., Time: 60.351, , OK (2 tests), ]
[JUnit version 4.11, ........, Time: 61.584, , OK (8 tests), ]
[JUnit version 4.11, ...., Time: 38.242, , OK (4 tests), ]
[JUnit version 4.11, ., Time: 1.806, , OK (1 test), ]
[JUnit version 4.11, ., Time: 1.725, , OK (1 test), ]
[JUnit version 4.11, ., Time: 4.757, , OK (1 test), ]
[JUnit version 4.11, ., Time: 1.902, , OK (1 test), ]
[JUnit version 4.11, .., Time: 5.278, , OK (2 tests), ]
[JUnit version 4.11, .., Time: 1.793, , OK (2 tests), ]
[JUnit version 4.11, ., Time: 2.707, , OK (1 test), ]
[JUnit version 4.11, .., Time: 9.132, , OK (2 tests), ]
[JUnit version 4.11, ......, Time: 1.503, , OK (6 tests), ]
[JUnit version 4.11, ...., Time: 43.459, , OK (4 tests), ]
[JUnit version 4.11, ., Time: 83.641, , OK (1 test), ]

file:///tmp/concordion/NGSPipeline_Table.html#WholeSystemValidation
Successes: 40, Failures: 0

file:///tmp/concordion/NGSPipeline_Table.html
Successes: 40, Failures: 0
]]></system-out>
  <system-err><![CDATA[]]></system-err>
</testsuite>
